Target is reachable, registered witness `reach_1`, 16 steps.
-- Reachability witness for target `GOAL` in module `hanoi`
Witness: reach_1

:: @0
-- state
   a = [4, 3, 2, 1]
   b = [0, 0, 0, 0]
   c = [0, 0, 0, 0]
   move = A2B

:: @1
-- state
   a = [4, 3, 2, 0]
   b = [1, 0, 0, 0]
   c = [0, 0, 0, 0]
   move = A2C

:: @2
-- state
   a = [4, 3, 0, 0]
   b = [1, 0, 0, 0]
   c = [2, 0, 0, 0]
   move = B2C

:: @3
-- state
   a = [4, 3, 0, 0]
   b = [0, 0, 0, 0]
   c = [2, 1, 0, 0]
   move = A2B

:: @4
-- state
   a = [4, 0, 0, 0]
   b = [3, 0, 0, 0]
   c = [2, 1, 0, 0]
   move = C2A

:: @5
-- state
   a = [4, 1, 0, 0]
   b = [3, 0, 0, 0]
   c = [2, 0, 0, 0]
   move = C2B

:: @6
-- state
   a = [4, 1, 0, 0]
   b = [3, 2, 0, 0]
   c = [0, 0, 0, 0]
   move = A2B

:: @7
-- state
   a = [4, 0, 0, 0]
   b = [3, 2, 1, 0]
   c = [0, 0, 0, 0]
   move = A2C

:: @8
-- state
   a = [0, 0, 0, 0]
   b = [3, 2, 1, 0]
   c = [4, 0, 0, 0]
   move = B2C

:: @9
-- state
   a = [0, 0, 0, 0]
   b = [3, 2, 0, 0]
   c = [4, 1, 0, 0]
   move = B2A

:: @10
-- state
   a = [2, 0, 0, 0]
   b = [3, 0, 0, 0]
   c = [4, 1, 0, 0]
   move = C2A

:: @11
-- state
   a = [2, 1, 0, 0]
   b = [3, 0, 0, 0]
   c = [4, 0, 0, 0]
   move = B2C

:: @12
-- state
   a = [2, 1, 0, 0]
   b = [0, 0, 0, 0]
   c = [4, 3, 0, 0]
   move = A2B

:: @13
-- state
   a = [2, 0, 0, 0]
   b = [1, 0, 0, 0]
   c = [4, 3, 0, 0]
   move = A2C

:: @14
-- state
   a = [0, 0, 0, 0]
   b = [1, 0, 0, 0]
   c = [4, 3, 2, 0]
   move = B2C

:: @15
-- state
   a = [0, 0, 0, 0]
   b = [0, 0, 0, 0]
   c = [4, 3, 2, 1]
   move = C2A

16.6s
