Target is reachable, registered witness `reach_1`, 25 steps.
-- Reachability witness for target `GOAL` in module `maze`
Witness: reach_1

:: @0
-- state
   x = 0
   y = 0

:: @1
-- state
   x = 1
   y = 0

:: @2
-- state
   x = 1
   y = 1

:: @3
-- state
   x = 1
   y = 2

:: @4
-- state
   x = 1
   y = 3

:: @5
-- state
   x = 1
   y = 4

:: @6
-- state
   x = 1
   y = 5

:: @7
-- state
   x = 2
   y = 5

:: @8
-- state
   x = 3
   y = 5

:: @9
-- state
   x = 3
   y = 6

:: @10
-- state
   x = 3
   y = 7

:: @11
-- state
   x = 3
   y = 8

:: @12
-- state
   x = 3
   y = 9

:: @13
-- state
   x = 3
   y = 10

:: @14
-- state
   x = 3
   y = 11

:: @15
-- state
   x = 3
   y = 12

:: @16
-- state
   x = 4
   y = 12

:: @17
-- state
   x = 5
   y = 12

:: @18
-- state
   x = 6
   y = 12

:: @19
-- state
   x = 7
   y = 12

:: @20
-- state
   x = 8
   y = 12

:: @21
-- state
   x = 9
   y = 12

:: @22
-- state
   x = 10
   y = 12

:: @23
-- state
   x = 11
   y = 12

:: @24
-- state
   x = 11
   y = 11
